C:\USERS\100538673\DOCUMENTS\COURSES\YEAR 1\SEMESTER 2\INFR 1396\VENGEANCE\VENGEANCE\RELEASE\BRUISER.OBJ
C:\USERS\100538673\DOCUMENTS\COURSES\YEAR 1\SEMESTER 2\INFR 1396\VENGEANCE\VENGEANCE\RELEASE\BULLET.OBJ
C:\USERS\100538673\DOCUMENTS\COURSES\YEAR 1\SEMESTER 2\INFR 1396\VENGEANCE\VENGEANCE\RELEASE\BUTTON.OBJ
C:\USERS\100538673\DOCUMENTS\COURSES\YEAR 1\SEMESTER 2\INFR 1396\VENGEANCE\VENGEANCE\RELEASE\BUTTONEVENT.OBJ
C:\Users\100538673\Documents\Courses\Year 1\Semester 2\INFR 1396\Vengeance\Vengeance\Release\cl.command.1.tlog
C:\Users\100538673\Documents\Courses\Year 1\Semester 2\INFR 1396\Vengeance\Vengeance\Release\CL.read.1.tlog
C:\Users\100538673\Documents\Courses\Year 1\Semester 2\INFR 1396\Vengeance\Vengeance\Release\CL.write.1.tlog
C:\USERS\100538673\DOCUMENTS\COURSES\YEAR 1\SEMESTER 2\INFR 1396\VENGEANCE\VENGEANCE\RELEASE\CREDITSSTATE.OBJ
C:\USERS\100538673\DOCUMENTS\COURSES\YEAR 1\SEMESTER 2\INFR 1396\VENGEANCE\VENGEANCE\RELEASE\DOCMAYBE.OBJ
C:\USERS\100538673\DOCUMENTS\COURSES\YEAR 1\SEMESTER 2\INFR 1396\VENGEANCE\VENGEANCE\RELEASE\DOODAD.OBJ
C:\USERS\100538673\DOCUMENTS\COURSES\YEAR 1\SEMESTER 2\INFR 1396\VENGEANCE\VENGEANCE\RELEASE\DRAWPRIMITIVES.OBJ
C:\USERS\100538673\DOCUMENTS\COURSES\YEAR 1\SEMESTER 2\INFR 1396\VENGEANCE\VENGEANCE\RELEASE\ENDINGSTATE.OBJ
C:\USERS\100538673\DOCUMENTS\COURSES\YEAR 1\SEMESTER 2\INFR 1396\VENGEANCE\VENGEANCE\RELEASE\ENEMY.OBJ
C:\USERS\100538673\DOCUMENTS\COURSES\YEAR 1\SEMESTER 2\INFR 1396\VENGEANCE\VENGEANCE\RELEASE\EXIT.OBJ
C:\USERS\100538673\DOCUMENTS\COURSES\YEAR 1\SEMESTER 2\INFR 1396\VENGEANCE\VENGEANCE\RELEASE\GAME.OBJ
C:\USERS\100538673\DOCUMENTS\COURSES\YEAR 1\SEMESTER 2\INFR 1396\VENGEANCE\VENGEANCE\RELEASE\GAMEOVERSTATE.OBJ
C:\USERS\100538673\DOCUMENTS\COURSES\YEAR 1\SEMESTER 2\INFR 1396\VENGEANCE\VENGEANCE\RELEASE\GAMEPLAYSTATE.OBJ
C:\USERS\100538673\DOCUMENTS\COURSES\YEAR 1\SEMESTER 2\INFR 1396\VENGEANCE\VENGEANCE\RELEASE\GAMEPLAYUI.OBJ
C:\USERS\100538673\DOCUMENTS\COURSES\YEAR 1\SEMESTER 2\INFR 1396\VENGEANCE\VENGEANCE\RELEASE\GENERICMETHODS.OBJ
C:\USERS\100538673\DOCUMENTS\COURSES\YEAR 1\SEMESTER 2\INFR 1396\VENGEANCE\VENGEANCE\RELEASE\GRENADE.OBJ
C:\USERS\100538673\DOCUMENTS\COURSES\YEAR 1\SEMESTER 2\INFR 1396\VENGEANCE\VENGEANCE\RELEASE\HORIZONTALSCROLLINGBACKGROUND.OBJ
C:\USERS\100538673\DOCUMENTS\COURSES\YEAR 1\SEMESTER 2\INFR 1396\VENGEANCE\VENGEANCE\RELEASE\ICOLLIDABLE.OBJ
C:\USERS\100538673\DOCUMENTS\COURSES\YEAR 1\SEMESTER 2\INFR 1396\VENGEANCE\VENGEANCE\RELEASE\INPUTMANAGER.OBJ
C:\USERS\100538673\DOCUMENTS\COURSES\YEAR 1\SEMESTER 2\INFR 1396\VENGEANCE\VENGEANCE\RELEASE\KEYBINDINGSMENUSTATE.OBJ
C:\USERS\100538673\DOCUMENTS\COURSES\YEAR 1\SEMESTER 2\INFR 1396\VENGEANCE\VENGEANCE\RELEASE\KEYEVENT.OBJ
C:\USERS\100538673\DOCUMENTS\COURSES\YEAR 1\SEMESTER 2\INFR 1396\VENGEANCE\VENGEANCE\RELEASE\LEVEL.OBJ
C:\USERS\100538673\DOCUMENTS\COURSES\YEAR 1\SEMESTER 2\INFR 1396\VENGEANCE\VENGEANCE\RELEASE\LEVELTRANSITIONSTATE.OBJ
C:\Users\100538673\Documents\Courses\Year 1\Semester 2\INFR 1396\Vengeance\Vengeance\Release\link.command.1.tlog
C:\Users\100538673\Documents\Courses\Year 1\Semester 2\INFR 1396\Vengeance\Vengeance\Release\link.read.1.tlog
C:\Users\100538673\Documents\Courses\Year 1\Semester 2\INFR 1396\Vengeance\Vengeance\Release\link.write.1.tlog
C:\USERS\100538673\DOCUMENTS\COURSES\YEAR 1\SEMESTER 2\INFR 1396\VENGEANCE\VENGEANCE\RELEASE\LOADMENUSTATE.OBJ
C:\USERS\100538673\DOCUMENTS\COURSES\YEAR 1\SEMESTER 2\INFR 1396\VENGEANCE\VENGEANCE\RELEASE\MAIN.OBJ
C:\USERS\100538673\DOCUMENTS\COURSES\YEAR 1\SEMESTER 2\INFR 1396\VENGEANCE\VENGEANCE\RELEASE\MAINMENUSTATE.OBJ
C:\USERS\100538673\DOCUMENTS\COURSES\YEAR 1\SEMESTER 2\INFR 1396\VENGEANCE\VENGEANCE\RELEASE\MOUSECLICKEVENT.OBJ
C:\USERS\100538673\DOCUMENTS\COURSES\YEAR 1\SEMESTER 2\INFR 1396\VENGEANCE\VENGEANCE\RELEASE\NEUTRALMOB.OBJ
C:\USERS\100538673\DOCUMENTS\COURSES\YEAR 1\SEMESTER 2\INFR 1396\VENGEANCE\VENGEANCE\RELEASE\OPTIONSMENUSTATE.OBJ
C:\USERS\100538673\DOCUMENTS\COURSES\YEAR 1\SEMESTER 2\INFR 1396\VENGEANCE\VENGEANCE\RELEASE\PICKUP.OBJ
C:\USERS\100538673\DOCUMENTS\COURSES\YEAR 1\SEMESTER 2\INFR 1396\VENGEANCE\VENGEANCE\RELEASE\PLAYER.OBJ
C:\USERS\100538673\DOCUMENTS\COURSES\YEAR 1\SEMESTER 2\INFR 1396\VENGEANCE\VENGEANCE\RELEASE\PROMPT.OBJ
C:\USERS\100538673\DOCUMENTS\COURSES\YEAR 1\SEMESTER 2\INFR 1396\VENGEANCE\VENGEANCE\RELEASE\SAVEFILEMANAGER.OBJ
C:\USERS\100538673\DOCUMENTS\COURSES\YEAR 1\SEMESTER 2\INFR 1396\VENGEANCE\VENGEANCE\RELEASE\SAVELOADMENUSTATE.OBJ
C:\USERS\100538673\DOCUMENTS\COURSES\YEAR 1\SEMESTER 2\INFR 1396\VENGEANCE\VENGEANCE\RELEASE\SAVEMENUSTATE.OBJ
C:\USERS\100538673\DOCUMENTS\COURSES\YEAR 1\SEMESTER 2\INFR 1396\VENGEANCE\VENGEANCE\RELEASE\SOUNDMANAGER.OBJ
C:\USERS\100538673\DOCUMENTS\COURSES\YEAR 1\SEMESTER 2\INFR 1396\VENGEANCE\VENGEANCE\RELEASE\SPLASHSCREENSTATE.OBJ
C:\USERS\100538673\DOCUMENTS\COURSES\YEAR 1\SEMESTER 2\INFR 1396\VENGEANCE\VENGEANCE\RELEASE\SPRITE.OBJ
C:\USERS\100538673\DOCUMENTS\COURSES\YEAR 1\SEMESTER 2\INFR 1396\VENGEANCE\VENGEANCE\RELEASE\STATEMANAGER.OBJ
C:\USERS\100538673\DOCUMENTS\COURSES\YEAR 1\SEMESTER 2\INFR 1396\VENGEANCE\VENGEANCE\RELEASE\STATICBACKGROUND.OBJ
C:\USERS\100538673\DOCUMENTS\COURSES\YEAR 1\SEMESTER 2\INFR 1396\VENGEANCE\VENGEANCE\RELEASE\STATICCOLLIDABLE.OBJ
C:\USERS\100538673\DOCUMENTS\COURSES\YEAR 1\SEMESTER 2\INFR 1396\VENGEANCE\VENGEANCE\RELEASE\SUBBOSS.OBJ
C:\USERS\100538673\DOCUMENTS\COURSES\YEAR 1\SEMESTER 2\INFR 1396\VENGEANCE\VENGEANCE\RELEASE\TILEMAP.OBJ
C:\USERS\100538673\DOCUMENTS\COURSES\YEAR 1\SEMESTER 2\INFR 1396\VENGEANCE\VENGEANCE\RELEASE\TIMER.OBJ
C:\USERS\100538673\DOCUMENTS\COURSES\YEAR 1\SEMESTER 2\INFR 1396\VENGEANCE\VENGEANCE\RELEASE\TRIGGER.OBJ
C:\USERS\100538673\DOCUMENTS\COURSES\YEAR 1\SEMESTER 2\INFR 1396\VENGEANCE\VENGEANCE\RELEASE\VC100.PDB
C:\USERS\100538673\DOCUMENTS\COURSES\YEAR 1\SEMESTER 2\INFR 1396\VENGEANCE\VENGEANCE\RELEASE\WEAPON.OBJ
