Build started 09/04/2014 10:46:48 AM.
     1>Project "C:\Users\100538673\Documents\Courses\Year 1\Semester 2\INFR 1396\Vengeance\Vengeance\Vengeance.vcxproj" on node 2 (rebuild target(s)).
     1>_PrepareForClean:
         Deleting file "Release\Vengeance.lastbuildstate".
       InitializeBuildStatus:
         Touching "Release\Vengeance.unsuccessfulbuild".
       ClCompile:
         C:\Program Files (x86)\Microsoft Visual Studio 10.0\VC\bin\CL.exe /c /I.\include\ /Zi /nologo /W3 /WX- /O2 /Oi /Oy- /GL /D _MBCS /Gm- /EHsc /MD /GS /Gy /fp:precise /Zc:wchar_t /Zc:forScope /Fo"Release\\" /Fd"Release\vc100.pdb" /Gd /TP /analyze- /errorReport:prompt Bruiser.cpp Bullet.cpp Button.cpp ButtonEvent.cpp CreditsState.cpp DocMaybe.cpp Doodad.cpp DrawPrimitives.cpp EndingState.cpp Enemy.cpp Exit.cpp Game.cpp GameOverState.cpp GameplayState.cpp GameplayUI.cpp GenericMethods.cpp Grenade.cpp HorizontalScrollingBackground.cpp ICollidable.cpp InputManager.cpp KeyBindingsMenuState.cpp KeyEvent.cpp LevelTransitionState.cpp LoadMenuState.cpp MouseClickEvent.cpp PickUp.cpp Prompt.cpp SaveFileManager.cpp SaveLoadMenuState.cpp SaveMenuState.cpp SplashScreenState.cpp SubBoss.cpp Trigger.cpp Weapon.cpp Level.cpp main.cpp MainMenuState.cpp NeutralMob.cpp OptionsMenuState.cpp Player.cpp SoundManager.cpp Sprite.cpp StateManager.cpp StaticBackground.cpp StaticCollidable.cpp TileMap.cpp Timer.cpp
         Bruiser.cpp
     1>C:\Program Files (x86)\Microsoft Visual Studio 10.0\VC\include\utility(163): warning C4244: 'initializing' : conversion from 'int' to 'float', possible loss of data
                 C:\Program Files (x86)\Microsoft Visual Studio 10.0\VC\include\utility(195) : see reference to function template instantiation 'std::_Pair_base<_Ty1,_Ty2>::_Pair_base<int&,int&>(_Other1,_Other2)' being compiled
                 with
                 [
                     _Ty1=float,
                     _Ty2=float,
                     _Other1=int &,
                     _Other2=int &
                 ]
                 Bruiser.cpp(94) : see reference to function template instantiation 'std::pair<_Ty1,_Ty2>::pair<int,int>(std::pair<int,int> &)' being compiled
                 with
                 [
                     _Ty1=float,
                     _Ty2=float
                 ]
     1>C:\Program Files (x86)\Microsoft Visual Studio 10.0\VC\include\utility(163): warning C4244: 'initializing' : conversion from 'int' to 'float', possible loss of data
         Bullet.cpp
         Button.cpp
         ButtonEvent.cpp
         CreditsState.cpp
         DocMaybe.cpp
     1>C:\Program Files (x86)\Microsoft Visual Studio 10.0\VC\include\utility(163): warning C4244: 'initializing' : conversion from 'int' to 'float', possible loss of data
                 C:\Program Files (x86)\Microsoft Visual Studio 10.0\VC\include\utility(195) : see reference to function template instantiation 'std::_Pair_base<_Ty1,_Ty2>::_Pair_base<int&,int&>(_Other1,_Other2)' being compiled
                 with
                 [
                     _Ty1=float,
                     _Ty2=float,
                     _Other1=int &,
                     _Other2=int &
                 ]
                 DocMaybe.cpp(144) : see reference to function template instantiation 'std::pair<_Ty1,_Ty2>::pair<int,int>(std::pair<int,int> &)' being compiled
                 with
                 [
                     _Ty1=float,
                     _Ty2=float
                 ]
     1>C:\Program Files (x86)\Microsoft Visual Studio 10.0\VC\include\utility(163): warning C4244: 'initializing' : conversion from 'int' to 'float', possible loss of data
         Doodad.cpp
         DrawPrimitives.cpp
         EndingState.cpp
         Enemy.cpp
     1>C:\Program Files (x86)\Microsoft Visual Studio 10.0\VC\include\utility(163): warning C4244: 'initializing' : conversion from 'int' to 'float', possible loss of data
                 C:\Program Files (x86)\Microsoft Visual Studio 10.0\VC\include\utility(195) : see reference to function template instantiation 'std::_Pair_base<_Ty1,_Ty2>::_Pair_base<int&,int&>(_Other1,_Other2)' being compiled
                 with
                 [
                     _Ty1=float,
                     _Ty2=float,
                     _Other1=int &,
                     _Other2=int &
                 ]
                 Enemy.cpp(115) : see reference to function template instantiation 'std::pair<_Ty1,_Ty2>::pair<int,int>(std::pair<int,int> &)' being compiled
                 with
                 [
                     _Ty1=float,
                     _Ty2=float
                 ]
     1>C:\Program Files (x86)\Microsoft Visual Studio 10.0\VC\include\utility(163): warning C4244: 'initializing' : conversion from 'int' to 'float', possible loss of data
         Exit.cpp
         Game.cpp
         GameOverState.cpp
         GameplayState.cpp
         GameplayUI.cpp
         GenericMethods.cpp
         Grenade.cpp
         HorizontalScrollingBackground.cpp
         ICollidable.cpp
         InputManager.cpp
         Compiling...
         KeyBindingsMenuState.cpp
         KeyEvent.cpp
         LevelTransitionState.cpp
         LoadMenuState.cpp
         MouseClickEvent.cpp
         PickUp.cpp
         Prompt.cpp
         SaveFileManager.cpp
         SaveLoadMenuState.cpp
         SaveMenuState.cpp
         SplashScreenState.cpp
         SubBoss.cpp
     1>C:\Program Files (x86)\Microsoft Visual Studio 10.0\VC\include\utility(163): warning C4244: 'initializing' : conversion from 'int' to 'float', possible loss of data
                 C:\Program Files (x86)\Microsoft Visual Studio 10.0\VC\include\utility(195) : see reference to function template instantiation 'std::_Pair_base<_Ty1,_Ty2>::_Pair_base<int&,int&>(_Other1,_Other2)' being compiled
                 with
                 [
                     _Ty1=float,
                     _Ty2=float,
                     _Other1=int &,
                     _Other2=int &
                 ]
                 SubBoss.cpp(107) : see reference to function template instantiation 'std::pair<_Ty1,_Ty2>::pair<int,int>(std::pair<int,int> &)' being compiled
                 with
                 [
                     _Ty1=float,
                     _Ty2=float
                 ]
     1>C:\Program Files (x86)\Microsoft Visual Studio 10.0\VC\include\utility(163): warning C4244: 'initializing' : conversion from 'int' to 'float', possible loss of data
         Trigger.cpp
         Weapon.cpp
         Level.cpp
     1>C:\Program Files (x86)\Microsoft Visual Studio 10.0\VC\include\utility(163): warning C4244: 'initializing' : conversion from 'int' to 'float', possible loss of data
                 C:\Program Files (x86)\Microsoft Visual Studio 10.0\VC\include\utility(247) : see reference to function template instantiation 'std::_Pair_base<_Ty1,_Ty2>::_Pair_base<_Ty,_Ty>(_Other1 &&,_Other2 &&)' being compiled
                 with
                 [
                     _Ty1=float,
                     _Ty2=float,
                     _Ty=int,
                     _Other1=int,
                     _Other2=int
                 ]
                 Level.cpp(76) : see reference to function template instantiation 'std::pair<_Ty1,_Ty2>::pair<int,int>(_Other1 &&,_Other2 &&)' being compiled
                 with
                 [
                     _Ty1=float,
                     _Ty2=float,
                     _Other1=int,
                     _Other2=int
                 ]
     1>C:\Program Files (x86)\Microsoft Visual Studio 10.0\VC\include\utility(163): warning C4244: 'initializing' : conversion from 'int' to 'float', possible loss of data
         main.cpp
         MainMenuState.cpp
         NeutralMob.cpp
         OptionsMenuState.cpp
         Player.cpp
         Compiling...
         SoundManager.cpp
         Sprite.cpp
         StateManager.cpp
         StaticBackground.cpp
         StaticCollidable.cpp
         TileMap.cpp
         Timer.cpp
       Link:
         C:\Program Files (x86)\Microsoft Visual Studio 10.0\VC\bin\link.exe /ERRORREPORT:PROMPT /OUT:"C:\Users\100538673\Documents\Courses\Year 1\Semester 2\INFR 1396\Vengeance\Release\Vengeance.exe" /NOLOGO /LIBPATH:.\lib\ DevIL.lib glut32.lib ILU.lib ILUT.lib fmodex_vc.lib AudioLib.lib kernel32.lib user32.lib gdi32.lib winspool.lib comdlg32.lib advapi32.lib shell32.lib ole32.lib oleaut32.lib uuid.lib odbc32.lib odbccp32.lib /MANIFEST /ManifestFile:"Release\Vengeance.exe.intermediate.manifest" /MANIFESTUAC:"level='asInvoker' uiAccess='false'" /DEBUG /PDB:"C:\Users\100538673\Documents\Courses\Year 1\Semester 2\INFR 1396\Vengeance\Release\Vengeance.pdb" /OPT:REF /OPT:ICF /LTCG /TLBID:1 /DYNAMICBASE /NXCOMPAT /IMPLIB:"C:\Users\100538673\Documents\Courses\Year 1\Semester 2\INFR 1396\Vengeance\Release\Vengeance.lib" /MACHINE:X86 Release\Bruiser.obj
         Release\Bullet.obj
         Release\Button.obj
         Release\ButtonEvent.obj
         Release\CreditsState.obj
         Release\DocMaybe.obj
         Release\Doodad.obj
         Release\DrawPrimitives.obj
         Release\EndingState.obj
         Release\Enemy.obj
         Release\Exit.obj
         Release\Game.obj
         Release\GameOverState.obj
         Release\GameplayState.obj
         Release\GameplayUI.obj
         Release\GenericMethods.obj
         Release\Grenade.obj
         Release\HorizontalScrollingBackground.obj
         Release\ICollidable.obj
         Release\InputManager.obj
         Release\KeyBindingsMenuState.obj
         Release\KeyEvent.obj
         Release\LevelTransitionState.obj
         Release\LoadMenuState.obj
         Release\MouseClickEvent.obj
         Release\PickUp.obj
         Release\Prompt.obj
         Release\SaveFileManager.obj
         Release\SaveLoadMenuState.obj
         Release\SaveMenuState.obj
         Release\SplashScreenState.obj
         Release\SubBoss.obj
         Release\Trigger.obj
         Release\Weapon.obj
         Release\Level.obj
         Release\main.obj
         Release\MainMenuState.obj
         Release\NeutralMob.obj
         Release\OptionsMenuState.obj
         Release\Player.obj
         Release\SoundManager.obj
         Release\Sprite.obj
         Release\StateManager.obj
         Release\StaticBackground.obj
         Release\StaticCollidable.obj
         Release\TileMap.obj
         Release\Timer.obj
     1>LINK : fatal error C1007: unrecognized flag '-sdlMode' in 'p2'
     1>LINK : fatal error LNK1257: code generation failed
     1>Done Building Project "C:\Users\100538673\Documents\Courses\Year 1\Semester 2\INFR 1396\Vengeance\Vengeance\Vengeance.vcxproj" (rebuild target(s)) -- FAILED.

Build FAILED.

Time Elapsed 00:00:24.29
