C:\USERS\100538673\DOCUMENTS\COURSES\YEAR 1\SEMESTER 2\INFR 1396\VENGEANCE\DEBUG\VENGEANCE.EXE
C:\USERS\100538673\DOCUMENTS\COURSES\YEAR 1\SEMESTER 2\INFR 1396\VENGEANCE\DEBUG\VENGEANCE.ILK
C:\USERS\100538673\DOCUMENTS\COURSES\YEAR 1\SEMESTER 2\INFR 1396\VENGEANCE\DEBUG\VENGEANCE.PDB
C:\USERS\100538673\DOCUMENTS\COURSES\YEAR 1\SEMESTER 2\INFR 1396\VENGEANCE\VENGEANCE\DEBUG\BRUISER.OBJ
C:\USERS\100538673\DOCUMENTS\COURSES\YEAR 1\SEMESTER 2\INFR 1396\VENGEANCE\VENGEANCE\DEBUG\BULLET.OBJ
C:\USERS\100538673\DOCUMENTS\COURSES\YEAR 1\SEMESTER 2\INFR 1396\VENGEANCE\VENGEANCE\DEBUG\BUTTON.OBJ
C:\USERS\100538673\DOCUMENTS\COURSES\YEAR 1\SEMESTER 2\INFR 1396\VENGEANCE\VENGEANCE\DEBUG\BUTTONEVENT.OBJ
C:\Users\100538673\Documents\Courses\Year 1\Semester 2\INFR 1396\Vengeance\Vengeance\Debug\cl.command.1.tlog
C:\Users\100538673\Documents\Courses\Year 1\Semester 2\INFR 1396\Vengeance\Vengeance\Debug\CL.read.1.tlog
C:\Users\100538673\Documents\Courses\Year 1\Semester 2\INFR 1396\Vengeance\Vengeance\Debug\CL.write.1.tlog
C:\USERS\100538673\DOCUMENTS\COURSES\YEAR 1\SEMESTER 2\INFR 1396\VENGEANCE\VENGEANCE\DEBUG\CREDITSSTATE.OBJ
C:\USERS\100538673\DOCUMENTS\COURSES\YEAR 1\SEMESTER 2\INFR 1396\VENGEANCE\VENGEANCE\DEBUG\DOCMAYBE.OBJ
C:\USERS\100538673\DOCUMENTS\COURSES\YEAR 1\SEMESTER 2\INFR 1396\VENGEANCE\VENGEANCE\DEBUG\DOODAD.OBJ
C:\USERS\100538673\DOCUMENTS\COURSES\YEAR 1\SEMESTER 2\INFR 1396\VENGEANCE\VENGEANCE\DEBUG\DRAWPRIMITIVES.OBJ
C:\USERS\100538673\DOCUMENTS\COURSES\YEAR 1\SEMESTER 2\INFR 1396\VENGEANCE\VENGEANCE\DEBUG\ENDINGSTATE.OBJ
C:\USERS\100538673\DOCUMENTS\COURSES\YEAR 1\SEMESTER 2\INFR 1396\VENGEANCE\VENGEANCE\DEBUG\ENEMY.OBJ
C:\USERS\100538673\DOCUMENTS\COURSES\YEAR 1\SEMESTER 2\INFR 1396\VENGEANCE\VENGEANCE\DEBUG\EXIT.OBJ
C:\USERS\100538673\DOCUMENTS\COURSES\YEAR 1\SEMESTER 2\INFR 1396\VENGEANCE\VENGEANCE\DEBUG\GAME.OBJ
C:\USERS\100538673\DOCUMENTS\COURSES\YEAR 1\SEMESTER 2\INFR 1396\VENGEANCE\VENGEANCE\DEBUG\GAMEOVERSTATE.OBJ
C:\USERS\100538673\DOCUMENTS\COURSES\YEAR 1\SEMESTER 2\INFR 1396\VENGEANCE\VENGEANCE\DEBUG\GAMEPLAYSTATE.OBJ
C:\USERS\100538673\DOCUMENTS\COURSES\YEAR 1\SEMESTER 2\INFR 1396\VENGEANCE\VENGEANCE\DEBUG\GAMEPLAYUI.OBJ
C:\USERS\100538673\DOCUMENTS\COURSES\YEAR 1\SEMESTER 2\INFR 1396\VENGEANCE\VENGEANCE\DEBUG\GENERICMETHODS.OBJ
C:\USERS\100538673\DOCUMENTS\COURSES\YEAR 1\SEMESTER 2\INFR 1396\VENGEANCE\VENGEANCE\DEBUG\GRENADE.OBJ
C:\USERS\100538673\DOCUMENTS\COURSES\YEAR 1\SEMESTER 2\INFR 1396\VENGEANCE\VENGEANCE\DEBUG\HORIZONTALSCROLLINGBACKGROUND.OBJ
C:\USERS\100538673\DOCUMENTS\COURSES\YEAR 1\SEMESTER 2\INFR 1396\VENGEANCE\VENGEANCE\DEBUG\ICOLLIDABLE.OBJ
C:\USERS\100538673\DOCUMENTS\COURSES\YEAR 1\SEMESTER 2\INFR 1396\VENGEANCE\VENGEANCE\DEBUG\INPUTMANAGER.OBJ
C:\USERS\100538673\DOCUMENTS\COURSES\YEAR 1\SEMESTER 2\INFR 1396\VENGEANCE\VENGEANCE\DEBUG\KEYBINDINGSMENUSTATE.OBJ
C:\USERS\100538673\DOCUMENTS\COURSES\YEAR 1\SEMESTER 2\INFR 1396\VENGEANCE\VENGEANCE\DEBUG\KEYEVENT.OBJ
C:\USERS\100538673\DOCUMENTS\COURSES\YEAR 1\SEMESTER 2\INFR 1396\VENGEANCE\VENGEANCE\DEBUG\LEVEL.OBJ
C:\USERS\100538673\DOCUMENTS\COURSES\YEAR 1\SEMESTER 2\INFR 1396\VENGEANCE\VENGEANCE\DEBUG\LEVELTRANSITIONSTATE.OBJ
C:\Users\100538673\Documents\Courses\Year 1\Semester 2\INFR 1396\Vengeance\Vengeance\Debug\link.command.1.tlog
C:\Users\100538673\Documents\Courses\Year 1\Semester 2\INFR 1396\Vengeance\Vengeance\Debug\link.read.1.tlog
C:\Users\100538673\Documents\Courses\Year 1\Semester 2\INFR 1396\Vengeance\Vengeance\Debug\link.read.2.tlog
C:\Users\100538673\Documents\Courses\Year 1\Semester 2\INFR 1396\Vengeance\Vengeance\Debug\link.write.1.tlog
C:\USERS\100538673\DOCUMENTS\COURSES\YEAR 1\SEMESTER 2\INFR 1396\VENGEANCE\VENGEANCE\DEBUG\LOADMENUSTATE.OBJ
C:\USERS\100538673\DOCUMENTS\COURSES\YEAR 1\SEMESTER 2\INFR 1396\VENGEANCE\VENGEANCE\DEBUG\MAIN.OBJ
C:\USERS\100538673\DOCUMENTS\COURSES\YEAR 1\SEMESTER 2\INFR 1396\VENGEANCE\VENGEANCE\DEBUG\MAINMENUSTATE.OBJ
C:\USERS\100538673\DOCUMENTS\COURSES\YEAR 1\SEMESTER 2\INFR 1396\VENGEANCE\VENGEANCE\DEBUG\MOUSECLICKEVENT.OBJ
C:\Users\100538673\Documents\Courses\Year 1\Semester 2\INFR 1396\Vengeance\Vengeance\Debug\mt.command.1.tlog
C:\Users\100538673\Documents\Courses\Year 1\Semester 2\INFR 1396\Vengeance\Vengeance\Debug\mt.read.1.tlog
C:\Users\100538673\Documents\Courses\Year 1\Semester 2\INFR 1396\Vengeance\Vengeance\Debug\mt.write.1.tlog
C:\USERS\100538673\DOCUMENTS\COURSES\YEAR 1\SEMESTER 2\INFR 1396\VENGEANCE\VENGEANCE\DEBUG\NEUTRALMOB.OBJ
C:\USERS\100538673\DOCUMENTS\COURSES\YEAR 1\SEMESTER 2\INFR 1396\VENGEANCE\VENGEANCE\DEBUG\OPTIONSMENUSTATE.OBJ
C:\USERS\100538673\DOCUMENTS\COURSES\YEAR 1\SEMESTER 2\INFR 1396\VENGEANCE\VENGEANCE\DEBUG\PICKUP.OBJ
C:\USERS\100538673\DOCUMENTS\COURSES\YEAR 1\SEMESTER 2\INFR 1396\VENGEANCE\VENGEANCE\DEBUG\PLAYER.OBJ
C:\USERS\100538673\DOCUMENTS\COURSES\YEAR 1\SEMESTER 2\INFR 1396\VENGEANCE\VENGEANCE\DEBUG\PROMPT.OBJ
C:\USERS\100538673\DOCUMENTS\COURSES\YEAR 1\SEMESTER 2\INFR 1396\VENGEANCE\VENGEANCE\DEBUG\SAVEFILEMANAGER.OBJ
C:\USERS\100538673\DOCUMENTS\COURSES\YEAR 1\SEMESTER 2\INFR 1396\VENGEANCE\VENGEANCE\DEBUG\SAVELOADMENUSTATE.OBJ
C:\USERS\100538673\DOCUMENTS\COURSES\YEAR 1\SEMESTER 2\INFR 1396\VENGEANCE\VENGEANCE\DEBUG\SAVEMENUSTATE.OBJ
C:\USERS\100538673\DOCUMENTS\COURSES\YEAR 1\SEMESTER 2\INFR 1396\VENGEANCE\VENGEANCE\DEBUG\SOUNDMANAGER.OBJ
C:\USERS\100538673\DOCUMENTS\COURSES\YEAR 1\SEMESTER 2\INFR 1396\VENGEANCE\VENGEANCE\DEBUG\SPLASHSCREENSTATE.OBJ
C:\USERS\100538673\DOCUMENTS\COURSES\YEAR 1\SEMESTER 2\INFR 1396\VENGEANCE\VENGEANCE\DEBUG\SPRITE.OBJ
C:\USERS\100538673\DOCUMENTS\COURSES\YEAR 1\SEMESTER 2\INFR 1396\VENGEANCE\VENGEANCE\DEBUG\STATEMANAGER.OBJ
C:\USERS\100538673\DOCUMENTS\COURSES\YEAR 1\SEMESTER 2\INFR 1396\VENGEANCE\VENGEANCE\DEBUG\STATICBACKGROUND.OBJ
C:\USERS\100538673\DOCUMENTS\COURSES\YEAR 1\SEMESTER 2\INFR 1396\VENGEANCE\VENGEANCE\DEBUG\STATICCOLLIDABLE.OBJ
C:\USERS\100538673\DOCUMENTS\COURSES\YEAR 1\SEMESTER 2\INFR 1396\VENGEANCE\VENGEANCE\DEBUG\SUBBOSS.OBJ
C:\USERS\100538673\DOCUMENTS\COURSES\YEAR 1\SEMESTER 2\INFR 1396\VENGEANCE\VENGEANCE\DEBUG\TILEMAP.OBJ
C:\USERS\100538673\DOCUMENTS\COURSES\YEAR 1\SEMESTER 2\INFR 1396\VENGEANCE\VENGEANCE\DEBUG\TIMER.OBJ
C:\USERS\100538673\DOCUMENTS\COURSES\YEAR 1\SEMESTER 2\INFR 1396\VENGEANCE\VENGEANCE\DEBUG\TRIGGER.OBJ
C:\Users\100538673\Documents\Courses\Year 1\Semester 2\INFR 1396\Vengeance\Vengeance\Debug\vc100.idb
C:\USERS\100538673\DOCUMENTS\COURSES\YEAR 1\SEMESTER 2\INFR 1396\VENGEANCE\VENGEANCE\DEBUG\VC100.PDB
C:\USERS\100538673\DOCUMENTS\COURSES\YEAR 1\SEMESTER 2\INFR 1396\VENGEANCE\VENGEANCE\DEBUG\VENGEANCE.EXE.INTERMEDIATE.MANIFEST
C:\USERS\100538673\DOCUMENTS\COURSES\YEAR 1\SEMESTER 2\INFR 1396\VENGEANCE\VENGEANCE\DEBUG\WEAPON.OBJ
